\BOOKMARK [0][-]{chapter.1}{\376\377\000P\000y\000t\000h\000o\000n}{}% 1
\BOOKMARK [1][-]{section.1.1}{\376\377\136\070\211\304}{chapter.1}% 2
\BOOKMARK [1][-]{section.1.2}{\376\377\147\072\126\150\133\146\116\140}{chapter.1}% 3
\BOOKMARK [1][-]{section.1.3}{\376\377\121\166\116\326}{chapter.1}% 4
\BOOKMARK [0][-]{chapter.2}{\376\377\122\115\172\357\377\006\124\016\172\357}{}% 5
\BOOKMARK [1][-]{section.2.1}{\376\377\122\115\172\357}{chapter.2}% 6
\BOOKMARK [1][-]{section.2.2}{\376\377\124\016\172\357}{chapter.2}% 7
\BOOKMARK [1][-]{section.2.3}{\376\377\121\166\116\326}{chapter.2}% 8
\BOOKMARK [2][-]{subsection.2.3.1}{\376\377\000G\000i\000t\000h\000u\000b\000\040\000A\000c\000t\000i\000o\000n}{section.2.3}% 9
\BOOKMARK [3][-]{subsubsection.2.3.1.1}{\376\377\116\000\060\001\000s\000p\000h\000i\000n\000x\166\204\201\352\122\250\147\204\136\372}{subsection.2.3.1}% 10
\BOOKMARK [4][-]{paragraph.2.3.1.1.1}{\376\377\0001\000.\000\040\116\000\116\233\213\364\146\016}{subsubsection.2.3.1.1}% 11
\BOOKMARK [4][-]{paragraph.2.3.1.1.2}{\376\377\0002\000.\000\040\116\000\116\233\127\121}{subsubsection.2.3.1.1}% 12
\BOOKMARK [4][-]{paragraph.2.3.1.1.3}{\376\377\0003\000.\000\040\116\073\211\201\116\343\170\001}{subsubsection.2.3.1.1}% 13
\BOOKMARK [4][-]{paragraph.2.3.1.1.4}{\376\377\0004\000.\000\040\142\020\147\234}{subsubsection.2.3.1.1}% 14
\BOOKMARK [3][-]{subsubsection.2.3.1.2}{\376\377\116\214\060\001\127\372\116\216\000G\000i\000t\000h\000u\000b\000\040\000A\000c\000t\000i\000o\000n\124\214\000G\000i\000t\000h\000u\000b\000\040\000I\000s\000s\000u\000e\166\204\227\363\116\120\165\037\142\020}{subsection.2.3.1}% 15
\BOOKMARK [4][-]{paragraph.2.3.1.2.1}{\376\377\0001\000.\000\040\116\000\116\233\213\364\146\016}{subsubsection.2.3.1.2}% 16
\BOOKMARK [4][-]{paragraph.2.3.1.2.2}{\376\377\0002\000.\000\040\116\000\116\233\127\121}{subsubsection.2.3.1.2}% 17
\BOOKMARK [4][-]{paragraph.2.3.1.2.3}{\376\377\0003\000.\000\040\116\073\211\201\116\343\170\001}{subsubsection.2.3.1.2}% 18
\BOOKMARK [4][-]{paragraph.2.3.1.2.4}{\376\377\0004\000.\000\040\142\020\147\234}{subsubsection.2.3.1.2}% 19
\BOOKMARK [0][-]{chapter.3}{\376\377\000c\000r\000a\000c\000k}{}% 20
\BOOKMARK [1][-]{section.3.1}{\376\377\000T\000y\000p\000o\000r\000a\170\064\211\343\000\050\0001\000.\0003\000.\0006\000\051}{chapter.3}% 21
\BOOKMARK [2][-]{subsection.3.1.1}{\376\377\0001\000.\000\040\142\223\123\326\211\343\133\306\124\016\000j\000s\377\032}{section.3.1}% 22
\BOOKMARK [2][-]{subsection.3.1.2}{\376\377\0002\000.\000\040\134\006\211\343\123\005\121\372\147\145\147\000\131\047\166\204\000j\000s\221\315\124\175\124\015\116\072\000A\000t\000o\000m\000.\000j\000s\377\014\142\176\122\060\116\345\116\013\116\343\170\001\146\377\143\142\000R\000S\000A\000\040\000P\000u\000b\000l\000i\000c\000\040\000K\000e\000y\166\204\000b\000a\000s\000e\0006\0004\377\014\122\040\226\144\000r\000e\000n\000e\000w\377\032}{section.3.1}% 23
\BOOKMARK [2][-]{subsection.3.1.3}{\376\377\0003\000.\000\040\211\343\123\005\000a\000p\000p\000.\000a\000s\000a\000r\377\032}{section.3.1}% 24
\BOOKMARK [2][-]{subsection.3.1.4}{\376\377\0004\000.\000\040\134\006\122\032\122\032\117\356\145\071\131\175\166\204\000A\000t\000o\000m\000.\000j\000s\146\377\143\142\040\034\000D\000:\000\134\000P\000r\000o\000g\000r\000a\000m\000\040\000F\000i\000l\000e\000s\000\134\000T\000y\000p\000o\000r\000a\000\134\000r\000e\000s\000o\000u\000r\000c\000e\000s\000\134\000a\000p\000p\000\134\040\035\116\013\166\204\124\014\124\015\145\207\116\366}{section.3.1}% 25
\BOOKMARK [2][-]{subsection.3.1.5}{\376\377\0005\000.\000\040\122\040\226\144\040\034\000D\000:\000\134\000P\000r\000o\000g\000r\000a\000m\000\040\000F\000i\000l\000e\000s\000\134\000T\000y\000p\000o\000r\000a\000\134\000r\000e\000s\000o\000u\000r\000c\000e\000s\000\134\040\035\116\013\166\204\040\034\000a\000p\000p\000.\000a\000s\000a\000r\040\035}{section.3.1}% 26
\BOOKMARK [2][-]{subsection.3.1.6}{\376\377\0006\000.\000\040\177\026\121\231\000k\000e\000y\000g\000e\000n}{section.3.1}% 27
\BOOKMARK [2][-]{subsection.3.1.7}{\376\377\0007\000.\000\040\134\006\000k\000e\000y\000g\000e\000n\165\037\142\020\166\204\154\350\121\214\170\001\217\223\121\145\122\060\171\273\176\277\154\350\121\214\172\227\123\343\136\166\154\350\121\214}{section.3.1}% 28
